c:\projectsgit\personalprojects\floralvaseproject\floralvase\floralvase\debug\vc143.pdb
c:\projectsgit\personalprojects\floralvaseproject\floralvase\floralvase\debug\vc143.idb
c:\projectsgit\personalprojects\floralvaseproject\floralvase\floralvase\debug\test.obj
c:\projectsgit\personalprojects\floralvaseproject\floralvase\floralvase\debug\floralvase.obj
c:\projectsgit\personalprojects\floralvaseproject\floralvase\debug\glu32.dll
c:\projectsgit\personalprojects\floralvaseproject\floralvase\debug\glut32.dll
c:\projectsgit\personalprojects\floralvaseproject\floralvase\debug\opengl32.dll
c:\projectsgit\personalprojects\floralvaseproject\floralvase\floralvase\debug\floralvase.ilk
c:\projectsgit\personalprojects\floralvaseproject\floralvase\debug\floralvase.pdb
c:\projectsgit\personalprojects\floralvaseproject\floralvase\floralvase\debug\floralvase.tlog\cl.command.1.tlog
c:\projectsgit\personalprojects\floralvaseproject\floralvase\floralvase\debug\floralvase.tlog\cl.items.tlog
c:\projectsgit\personalprojects\floralvaseproject\floralvase\floralvase\debug\floralvase.tlog\cl.read.1.tlog
c:\projectsgit\personalprojects\floralvaseproject\floralvase\floralvase\debug\floralvase.tlog\cl.write.1.tlog
c:\projectsgit\personalprojects\floralvaseproject\floralvase\floralvase\debug\floralvase.tlog\copyfile.command.1.tlog
c:\projectsgit\personalprojects\floralvaseproject\floralvase\floralvase\debug\floralvase.tlog\copyfile.read.1.tlog
c:\projectsgit\personalprojects\floralvaseproject\floralvase\floralvase\debug\floralvase.tlog\copyfile.write.1.tlog
c:\projectsgit\personalprojects\floralvaseproject\floralvase\floralvase\debug\floralvase.tlog\link.14324-cvtres.read.1.tlog
c:\projectsgit\personalprojects\floralvaseproject\floralvase\floralvase\debug\floralvase.tlog\link.14324-cvtres.write.1.tlog
c:\projectsgit\personalprojects\floralvaseproject\floralvase\floralvase\debug\floralvase.tlog\link.14324-rc.read.1.tlog
c:\projectsgit\personalprojects\floralvaseproject\floralvase\floralvase\debug\floralvase.tlog\link.14324-rc.write.1.tlog
c:\projectsgit\personalprojects\floralvaseproject\floralvase\floralvase\debug\floralvase.tlog\link.14324.read.1.tlog
c:\projectsgit\personalprojects\floralvaseproject\floralvase\floralvase\debug\floralvase.tlog\link.14324.write.1.tlog
c:\projectsgit\personalprojects\floralvaseproject\floralvase\floralvase\debug\floralvase.tlog\link.command.1.tlog
c:\projectsgit\personalprojects\floralvaseproject\floralvase\floralvase\debug\floralvase.tlog\link.read.1.tlog
c:\projectsgit\personalprojects\floralvaseproject\floralvase\floralvase\debug\floralvase.tlog\link.secondary.1.tlog
c:\projectsgit\personalprojects\floralvaseproject\floralvase\floralvase\debug\floralvase.tlog\link.write.1.tlog
